<?xml version="1.0" encoding="UTF-8"?>
<!-- Generated by org.testng.reporters.JUnitReportReporter -->
<testsuite hostname="DESKTOP-NKKEDQS" failures="0" tests="1" name="footer_Test.FooterCompTest" time="9.748" errors="0" timestamp="2024-10-01T17:55:45 EEST" skipped="0">
  <testcase classname="footer_Test.FooterCompTest" name="CheckFooterContainer" time="9.748"/>
</testsuite> <!-- footer_Test.FooterCompTest -->
