<?xml version="1.0" encoding="UTF-8"?>
<!-- Generated by org.testng.reporters.JUnitReportReporter -->
<testsuite hostname="DESKTOP-NKKEDQS" failures="0" tests="1" name="qaCart.Cookies" time="0.192" errors="0" timestamp="2024-08-27T21:06:02 EEST" skipped="0">
  <testcase classname="qaCart.Cookies" name="MoveToElement" time="0.192"/>
</testsuite> <!-- qaCart.Cookies -->
