<?xml version="1.0" encoding="UTF-8"?>
<!-- Generated by org.testng.reporters.JUnitReportReporter -->
<testsuite hostname="DESKTOP-NKKEDQS" failures="0" tests="1" name="leftSideBar_Test.LeftSideBarCompTest" time="6.218" errors="0" timestamp="2024-09-23T01:07:22 EEST" skipped="0">
  <testcase classname="leftSideBar_Test.LeftSideBarCompTest" name="CheckAllItems" time="6.218"/>
</testsuite> <!-- leftSideBar_Test.LeftSideBarCompTest -->
