<?xml version="1.0" encoding="UTF-8"?>
<!-- Generated by org.testng.reporters.JUnitReportReporter -->
<testsuite hostname="DESKTOP-NKKEDQS" failures="0" tests="1" name="qaCart.Frames" time="0.124" errors="0" timestamp="2024-08-27T21:47:13 EEST" skipped="0">
  <testcase classname="qaCart.Frames" name="CheckFrame" time="0.124"/>
</testsuite> <!-- qaCart.Frames -->
