<?xml version="1.0" encoding="UTF-8"?>
<!-- Generated by org.testng.reporters.JUnitReportReporter -->
<testsuite hostname="DESKTOP-NKKEDQS" failures="0" tests="1" name="qaCart.OpenSafariBrowser" time="0.008" errors="0" timestamp="2024-08-27T15:22:04 EEST" skipped="0">
  <testcase classname="qaCart.OpenSafariBrowser" name="Check" time="0.008"/>
</testsuite> <!-- qaCart.OpenSafariBrowser -->
