<?xml version="1.0" encoding="UTF-8"?>
<!-- Generated by org.testng.reporters.JUnitReportReporter -->
<testsuite hostname="DESKTOP-NKKEDQS" failures="0" tests="5" name="test_pages.LoginPageCompTest" time="28.223" errors="0" timestamp="2024-09-02T16:37:55 EEST" skipped="0">
  <testcase classname="test_pages.LoginPageCompTest" name="CheckLoginPageOpened" time="4.678"/>
  <testcase classname="test_pages.LoginPageCompTest" name="CheckIfFieldsAddedToWebSite" time="4.117"/>
  <testcase classname="test_pages.LoginPageCompTest" name="CheckValidData" time="4.395"/>
  <testcase classname="test_pages.LoginPageCompTest" name="CheckAllUserNames" time="10.771"/>
  <testcase classname="test_pages.LoginPageCompTest" name="CheckInvalid" time="4.262"/>
</testsuite> <!-- test_pages.LoginPageCompTest -->
