<?xml version="1.0" encoding="UTF-8"?>
<!-- Generated by org.testng.reporters.JUnitReportReporter -->
<testsuite hostname="DESKTOP-NKKEDQS" failures="0" tests="4" name="test_pages.HomePageCompTest" time="17.889" errors="0" timestamp="2024-09-03T13:12:16 EEST" skipped="0">
  <testcase classname="test_pages.HomePageCompTest" name="CheckIfHomePageOpened" time="4.281"/>
  <testcase classname="test_pages.HomePageCompTest" name="CheckProductTitleAppeared" time="4.272"/>
  <testcase classname="test_pages.HomePageCompTest" name="CheckCartBtn" time="4.440"/>
  <testcase classname="test_pages.HomePageCompTest" name="CheckMenuBtn" time="4.896"/>
</testsuite> <!-- test_pages.HomePageCompTest -->
