<?xml version="1.0" encoding="UTF-8"?>
<!-- Generated by org.testng.reporters.JUnitReportReporter -->
<testsuite hostname="DESKTOP-NKKEDQS" failures="0" tests="10" name="homePage_Test.HomePageCompTest" time="73.284" errors="0" timestamp="2024-09-28T15:39:21 EEST" skipped="0">
  <testcase classname="homePage_Test.HomePageCompTest" name="CheckHeader" time="14.193"/>
  <testcase classname="homePage_Test.HomePageCompTest" name="CheckIfHomePageOpened" time="6.767"/>
  <testcase classname="homePage_Test.HomePageCompTest" name="CheckProductImageDisplayed" time="6.826"/>
  <testcase classname="homePage_Test.HomePageCompTest" name="CheckProductinfoDisplayed" time="5.595"/>
  <testcase classname="homePage_Test.HomePageCompTest" name="CheckProductNameColorDisplayed" time="6.828"/>
  <testcase classname="homePage_Test.HomePageCompTest" name="ClickAddToCartBtn" time="6.067"/>
  <testcase classname="homePage_Test.HomePageCompTest" name="CheckIfProductsAddedToWebSite" time="9.585"/>
  <testcase classname="homePage_Test.HomePageCompTest" name="CheckProductItemDetails" time="5.816"/>
  <testcase classname="homePage_Test.HomePageCompTest" name="CheckScrollDownToElement" time="5.794"/>
  <testcase classname="homePage_Test.HomePageCompTest" name="CheckFooterAddedToWebsite" time="5.813"/>
</testsuite> <!-- homePage_Test.HomePageCompTest -->
