<?xml version="1.0" encoding="UTF-8"?>
<!-- Generated by org.testng.reporters.JUnitReportReporter -->
<testsuite hostname="DESKTOP-NKKEDQS" failures="0" tests="2" name="dropDownList_Test.DropDownListCompTest" time="6.686" errors="0" timestamp="2024-09-19T16:32:57 EEST" skipped="1">
  <testcase classname="dropDownList_Test.DropDownListCompTest" name="CheckDropDownConrainer" time="6.686"/>
  <testcase classname="dropDownList_Test.DropDownListCompTest" name="CheckSorting">
    <skipped/>
  </testcase> <!-- CheckSorting -->
</testsuite> <!-- dropDownList_Test.DropDownListCompTest -->
