<?xml version="1.0" encoding="UTF-8"?>
<!-- Generated by org.testng.reporters.JUnitReportReporter -->
<testsuite hostname="DESKTOP-NKKEDQS" failures="0" tests="5" name="checkoutCompletePage_Test.CheckoutCompletePageCompTest" time="24.658" errors="0" timestamp="2024-09-19T16:59:59 EEST" skipped="0">
  <testcase classname="checkoutCompletePage_Test.CheckoutCompletePageCompTest" name="CheckIfCheckoutCompletePageOpened" time="4.756"/>
  <testcase classname="checkoutCompletePage_Test.CheckoutCompletePageCompTest" name="CheckIfCheckoutCompleteTitleAppeared" time="4.793"/>
  <testcase classname="checkoutCompletePage_Test.CheckoutCompletePageCompTest" name="CheckIfCheckoutCompletePageImageAppeared" time="4.820"/>
  <testcase classname="checkoutCompletePage_Test.CheckoutCompletePageCompTest" name="CheckIfCheckoutCompleteTextDisplayed" time="4.762"/>
  <testcase classname="checkoutCompletePage_Test.CheckoutCompletePageCompTest" name="CheckBackToHomeBtn" time="5.527"/>
</testsuite> <!-- checkoutCompletePage_Test.CheckoutCompletePageCompTest -->
