<?xml version="1.0" encoding="UTF-8"?>
<!-- Generated by org.testng.reporters.JUnitReportReporter -->
<testsuite hostname="DESKTOP-NKKEDQS" failures="0" tests="5" name="test_loginpage.LoginPageCompTest" time="29.471" errors="0" timestamp="2024-09-02T13:00:41 EEST" skipped="0">
  <testcase classname="test_loginpage.LoginPageCompTest" name="CheckLoginPageOpened" time="3.891"/>
  <testcase classname="test_loginpage.LoginPageCompTest" name="CheckIfFieldsAddedToWebSite" time="4.927"/>
  <testcase classname="test_loginpage.LoginPageCompTest" name="CheckValidData" time="4.238"/>
  <testcase classname="test_loginpage.LoginPageCompTest" name="CheckAllUserNames" time="11.903"/>
  <testcase classname="test_loginpage.LoginPageCompTest" name="CheckInvalid" time="4.512"/>
</testsuite> <!-- test_loginpage.LoginPageCompTest -->
