<?xml version="1.0" encoding="UTF-8"?>
<!-- Generated by org.testng.reporters.JUnitReportReporter -->
<testsuite hostname="DESKTOP-NKKEDQS" failures="0" tests="1" name="TableWebElement.Table" time="0.060" errors="0" timestamp="2024-08-27T17:29:28 EEST" skipped="0">
  <testcase classname="TableWebElement.Table" name="Alert2" time="0.060"/>
</testsuite> <!-- TableWebElement.Table -->
