<?xml version="1.0" encoding="UTF-8"?>
<!-- Generated by org.testng.reporters.JUnitReportReporter -->
<testsuite hostname="DESKTOP-NKKEDQS" failures="0" tests="1" name="loginPage_Test.LoginPageCompTest" time="19.975" errors="0" timestamp="2024-09-26T19:32:01 EEST" skipped="0">
  <testcase classname="loginPage_Test.LoginPageCompTest" name="CheckValidDataLogin" time="19.975"/>
</testsuite> <!-- loginPage_Test.LoginPageCompTest -->
