<?xml version="1.0" encoding="UTF-8"?>
<!-- Generated by org.testng.reporters.JUnitReportReporter -->
<testsuite hostname="DESKTOP-NKKEDQS" failures="0" tests="1" name="cartPage_Test.CartPageCompTest" time="9.225" errors="0" timestamp="2024-09-24T19:23:16 EEST" skipped="0">
  <testcase classname="cartPage_Test.CartPageCompTest" name="CheckCartItem" time="9.225"/>
</testsuite> <!-- cartPage_Test.CartPageCompTest -->
