<?xml version="1.0" encoding="UTF-8"?>
<!-- Generated by org.testng.reporters.JUnitReportReporter -->
<testsuite hostname="DESKTOP-NKKEDQS" failures="0" tests="1" name="checkoutPage_Test.CheckoutPageCompTest" time="10.388" errors="0" timestamp="2024-09-20T23:23:52 EEST" skipped="0">
  <testcase classname="checkoutPage_Test.CheckoutPageCompTest" name="CheckExcellFile" time="10.388"/>
</testsuite> <!-- checkoutPage_Test.CheckoutPageCompTest -->
