<?xml version="1.0" encoding="UTF-8"?>
<!-- Generated by org.testng.reporters.JUnitReportReporter -->
<testsuite hostname="DESKTOP-NKKEDQS" failures="0" tests="1" name="swaglabsTask.HomePageComp" time="0.060" errors="0" timestamp="2024-09-02T17:07:04 EEST" skipped="0">
  <testcase classname="swaglabsTask.HomePageComp" name="CheckHomePageOpened" time="0.060"/>
</testsuite> <!-- swaglabsTask.HomePageComp -->
