<?xml version="1.0" encoding="UTF-8"?>
<!-- Generated by org.testng.reporters.JUnitReportReporter -->
<testsuite hostname="DESKTOP-NKKEDQS" failures="0" tests="5" name="footer_Test.FooterCompTest" time="33.223" errors="0" timestamp="2024-09-19T23:54:10 EEST" skipped="0">
  <testcase classname="footer_Test.FooterCompTest" name="CheckFooterContainer" time="6.216"/>
  <testcase classname="footer_Test.FooterCompTest" name="ClickOnTwitter" time="8.750"/>
  <testcase classname="footer_Test.FooterCompTest" name="ClickOnFacebook" time="7.099"/>
  <testcase classname="footer_Test.FooterCompTest" name="ClickOnLinkedIn" time="6.655"/>
  <testcase classname="footer_Test.FooterCompTest" name="CheckFooterTextAppeared" time="4.503"/>
</testsuite> <!-- footer_Test.FooterCompTest -->
