<?xml version="1.0" encoding="UTF-8"?>
<!-- Generated by org.testng.reporters.JUnitReportReporter -->
<testsuite hostname="DESKTOP-NKKEDQS" failures="0" tests="1" name="qaCart.RightClick" time="0.341" errors="0" timestamp="2024-08-29T18:47:13 EEST" skipped="0">
  <testcase classname="qaCart.RightClick" name="check" time="0.341"/>
</testsuite> <!-- qaCart.RightClick -->
