<?xml version="1.0" encoding="UTF-8"?>
<!-- Generated by org.testng.reporters.JUnitReportReporter -->
<testsuite hostname="DESKTOP-NKKEDQS" failures="0" tests="10" name="homePage_Test.HomePageCompTest" time="51.540" errors="0" timestamp="2024-09-23T01:37:33 EEST" skipped="0">
  <testcase classname="homePage_Test.HomePageCompTest" name="CheckHeader" time="5.898"/>
  <testcase classname="homePage_Test.HomePageCompTest" name="CheckIfHomePageOpened" time="5.016"/>
  <testcase classname="homePage_Test.HomePageCompTest" name="CheckProductImageDisplayed" time="4.697"/>
  <testcase classname="homePage_Test.HomePageCompTest" name="CheckProductinfoDisplayed" time="4.193"/>
  <testcase classname="homePage_Test.HomePageCompTest" name="CheckProductNameColorDisplayed" time="4.184"/>
  <testcase classname="homePage_Test.HomePageCompTest" name="ClickAddToCartBtn" time="5.037"/>
  <testcase classname="homePage_Test.HomePageCompTest" name="CheckIfProductsAddedToWebSite" time="7.552"/>
  <testcase classname="homePage_Test.HomePageCompTest" name="CheckProductItemDetails" time="4.760"/>
  <testcase classname="homePage_Test.HomePageCompTest" name="CheckScrollDownToElement" time="5.366"/>
  <testcase classname="homePage_Test.HomePageCompTest" name="CheckFooterAddedToWebsite" time="4.837"/>
</testsuite> <!-- homePage_Test.HomePageCompTest -->
