<?xml version="1.0" encoding="UTF-8"?>
<!-- Generated by org.testng.reporters.JUnitReportReporter -->
<testsuite hostname="DESKTOP-NKKEDQS" failures="0" tests="1" name="qaCart.GetURL" time="0.050" errors="0" timestamp="2024-09-03T15:08:06 EEST" skipped="0">
  <testcase classname="qaCart.GetURL" name="check" time="0.050"/>
</testsuite> <!-- qaCart.GetURL -->
