<?xml version="1.0" encoding="UTF-8"?>
<!-- Generated by org.testng.reporters.JUnitReportReporter -->
<testsuite hostname="DESKTOP-NKKEDQS" failures="0" tests="1" name="loginPage_Test.LoginPageCompTest" time="10.136" errors="0" timestamp="2024-09-20T23:28:04 EEST" skipped="0">
  <testcase classname="loginPage_Test.LoginPageCompTest" name="LoginWithExcelFileForAllData" time="10.136"/>
</testsuite> <!-- loginPage_Test.LoginPageCompTest -->
