<?xml version="1.0" encoding="UTF-8"?>
<!-- Generated by org.testng.reporters.JUnitReportReporter -->
<testsuite hostname="DESKTOP-NKKEDQS" failures="0" tests="1" name="checkoutOverviewPage_Test.CheckoutOverviewPageCompTest" time="5.587" errors="0" timestamp="2024-09-23T00:53:34 EEST" skipped="0">
  <testcase classname="checkoutOverviewPage_Test.CheckoutOverviewPageCompTest" name="CheckItems" time="5.587"/>
</testsuite> <!-- checkoutOverviewPage_Test.CheckoutOverviewPageCompTest -->
